2026-07-06 00:31:18,771 - INFO - Initialisation de 650000 agents
2026-07-06 00:31:19,085 - INFO - Initialisation de l'IA
2026-07-06 00:31:19,085 - INFO - Enterprise demarree
2026-07-06 00:32:49,087 - INFO - STATUT - Agents: 645000, Cycles: 10
2026-07-06 00:34:29,091 - INFO - STATUT - Agents: 645000, Cycles: 20
2026-07-06 00:36:09,095 - INFO - STATUT - Agents: 645000, Cycles: 30
2026-07-06 00:37:49,103 - INFO - STATUT - Agents: 645000, Cycles: 40
2026-07-06 00:39:29,121 - INFO - STATUT - Agents: 645000, Cycles: 50
2026-07-06 00:41:09,135 - INFO - STATUT - Agents: 645000, Cycles: 60
2026-07-06 00:42:49,149 - INFO - STATUT - Agents: 645000, Cycles: 70
2026-07-06 00:44:29,160 - INFO - STATUT - Agents: 645000, Cycles: 80
2026-07-06 00:46:09,166 - INFO - STATUT - Agents: 645000, Cycles: 90
2026-07-06 00:47:49,178 - INFO - STATUT - Agents: 645000, Cycles: 100
2026-07-06 00:49:29,188 - INFO - STATUT - Agents: 645000, Cycles: 110
2026-07-06 00:51:09,201 - INFO - STATUT - Agents: 645000, Cycles: 120
2026-07-06 00:52:49,210 - INFO - STATUT - Agents: 645000, Cycles: 130
2026-07-06 00:54:29,214 - INFO - STATUT - Agents: 645000, Cycles: 140
2026-07-06 00:56:09,225 - INFO - STATUT - Agents: 645000, Cycles: 150
2026-07-06 00:57:49,236 - INFO - STATUT - Agents: 645000, Cycles: 160
2026-07-06 00:59:29,249 - INFO - STATUT - Agents: 645000, Cycles: 170
2026-07-06 01:01:09,259 - INFO - STATUT - Agents: 645000, Cycles: 180
2026-07-06 01:02:49,268 - INFO - STATUT - Agents: 645000, Cycles: 190
2026-07-06 01:04:29,276 - INFO - STATUT - Agents: 645000, Cycles: 200
2026-07-06 01:06:09,282 - INFO - STATUT - Agents: 645000, Cycles: 210
2026-07-06 01:07:49,295 - INFO - STATUT - Agents: 645000, Cycles: 220
2026-07-06 01:09:29,303 - INFO - STATUT - Agents: 645000, Cycles: 230
2026-07-06 01:11:09,307 - INFO - STATUT - Agents: 645000, Cycles: 240
2026-07-06 01:12:49,318 - INFO - STATUT - Agents: 645000, Cycles: 250
2026-07-06 01:14:29,322 - INFO - STATUT - Agents: 645000, Cycles: 260
2026-07-06 01:12:04,657 - INFO - STATUT - Agents: 645000, Cycles: 270
2026-07-06 01:13:44,664 - INFO - STATUT - Agents: 645000, Cycles: 280
--------
2026-07-06 00:54:54,741 - INFO - Agents: 6445/6500
2026-07-06 00:54:54,741 - INFO - Revenus: 10.61 Pi
2026-07-06 00:54:54,741 - INFO - Users: 186
2026-07-06 00:54:54,742 - INFO - Cycles: 40
2026-07-06 00:54:54,742 - INFO - --------------------------------------------------
2026-07-06 00:54:54,742 - INFO - 
2026-07-06 01:04:54,752 - INFO - 
2026-07-06 01:04:54,755 - INFO - --------------------------------------------------
2026-07-06 01:04:54,756 - INFO - STATUT - 0h49m
2026-07-06 01:04:54,756 - INFO - --------------------------------------------------
2026-07-06 01:04:54,756 - INFO - Agents: 6450/6500
2026-07-06 01:04:54,756 - INFO - Revenus: 13.60 Pi
2026-07-06 01:04:54,756 - INFO - Users: 256
2026-07-06 01:04:54,756 - INFO - Cycles: 50
2026-07-06 01:04:54,756 - INFO - --------------------------------------------------
2026-07-06 01:04:54,757 - INFO - 
2026-07-06 01:14:54,768 - INFO - 
2026-07-06 01:14:54,774 - INFO - --------------------------------------------------
2026-07-06 01:14:54,774 - INFO - STATUT - 0h59m
2026-07-06 01:14:54,775 - INFO - --------------------------------------------------
2026-07-06 01:14:54,775 - INFO - Agents: 6448/6500
2026-07-06 01:14:54,775 - INFO - Revenus: 15.87 Pi
2026-07-06 01:14:54,775 - INFO - Users: 313
2026-07-06 01:14:54,775 - INFO - Cycles: 60
2026-07-06 01:14:54,775 - INFO - --------------------------------------------------
2026-07-06 01:14:54,775 - INFO - 
------------------------
2026-07-06 00:54:47,377 - INFO - 
2026-07-06 01:04:47,385 - INFO - 
2026-07-06 01:04:47,389 - INFO - --------------------------------------------------
2026-07-06 01:04:47,390 - INFO - STATUT - 1h09m
2026-07-06 01:04:47,390 - INFO - --------------------------------------------------
2026-07-06 01:04:47,390 - INFO - Agents: 6430/6500
2026-07-06 01:04:47,390 - INFO - Revenus: 19.39 Pi
2026-07-06 01:04:47,390 - INFO - Utilisateurs: 390
2026-07-06 01:04:47,391 - INFO - Cycles: 70
2026-07-06 01:04:47,391 - INFO - --------------------------------------------------
2026-07-06 01:04:47,391 - INFO - 
2026-07-06 01:14:47,404 - INFO - 
2026-07-06 01:14:47,414 - INFO - --------------------------------------------------
2026-07-06 01:14:47,414 - INFO - STATUT - 1h19m
2026-07-06 01:14:47,414 - INFO - --------------------------------------------------
2026-07-06 01:14:47,414 - INFO - Agents: 6414/6500
2026-07-06 01:14:47,415 - INFO - Revenus: 21.99 Pi
2026-07-06 01:14:47,415 - INFO - Utilisateurs: 431
2026-07-06 01:14:47,415 - INFO - Cycles: 80
2026-07-06 01:14:47,415 - INFO - --------------------------------------------------
2026-07-06 01:14:47,416 - INFO - 
47,354 - INFO - Revenus: 14.34 Pi
2026-07-06 00:44:47,354 - INFO - Utilisateurs: 280
2026-07-06 00:44:47,355 - INFO - Cycles: 50
2026-07-06 00:44:47,355 - INFO - --------------------------------------------------
2026-07-06 00:44:47,355 - INFO - 
2026-07-06 00:44:54,719 - INFO - 
2026-07-06 00:44:54,724 - INFO - --------------------------------------------------
2026-07-06 00:44:54,724 - INFO - STATUT - 0h29m
2026-07-06 00:44:54,725 - INFO - --------------------------------------------------
2026-07-06 00:44:54,725 - INFO - Agents: 6459/6500
2026-07-06 00:44:54,725 - INFO - Revenus: 7.88 Pi
2026-07-06 00:44:54,726 - INFO - Users: 139
2026-07-06 00:44:54,726 - INFO - Cycles: 30
2026-07-06 00:44:54,726 - INFO - --------------------------------------------------
2026-07-06 00:44:54,726 - INFO - 
2026-07-06 00:45:24,517 - INFO - STATUT - Agents: 645000, Cycles: 110
2026-07-06 00:46:09,166 - INFO - STATUT - Agents: 645000, Cycles: 90
2026-07-06 00:47:04,525 - INFO - STATUT - Agents: 645000, Cycles: 120
2026-07-06 00:47:49,178 - INFO - STATUT - Agents: 645000, Cycles: 100
2026-07-06 00:48:44,531 - INFO - STATUT - Agents: 645000, Cycles: 130
2026-07-06 00:49:29,188 - INFO - STATUT - Agents: 645000, Cycles: 110
2026-07-06 00:50:24,539 - INFO - STATUT - Agents: 645000, Cycles: 140
2026-07-06 00:51:09,201 - INFO - STATUT - Agents: 645000, Cycles: 120
2026-07-06 00:52:04,542 - INFO - STATUT - Agents: 645000, Cycles: 150
2026-07-06 00:52:49,210 - INFO - STATUT - Agents: 645000, Cycles: 130
2026-07-06 00:53:44,552 - INFO - STATUT - Agents: 645000, Cycles: 160
2026-07-06 00:54:13,598 - INFO - 
2026-07-06 00:54:13,601 - INFO - --------------------------------------------------
2026-07-06 00:54:13,602 - INFO - STATUT - 0h39m
2026-07-06 00:54:13,602 - INFO - --------------------------------------------------
2026-07-06 00:54:13,602 - INFO - Agents: 6441/6500
2026-07-06 00:54:13,602 - INFO - Revenus: 9.89 Pi
2026-07-06 00:54:13,602 - INFO - Users: 238
2026-07-06 00:54:13,602 - INFO - Cycles: 40
2026-07-06 00:54:13,602 - INFO - --------------------------------------------------
2026-07-06 00:54:13,603 - INFO - 
2026-07-06 00:54:29,214 - INFO - STATUT - Agents: 645000, Cycles: 140
2026-07-06 00:54:47,369 - INFO - 
2026-07-06 00:54:47,374 - INFO - --------------------------------------------------
2026-07-06 00:54:47,375 - INFO - STATUT - 0h59m
2026-07-06 00:54:47,375 - INFO - --------------------------------------------------
2026-07-06 00:54:47,376 - INFO - Agents: 6451/6500
2026-07-06 00:54:47,376 - INFO - Revenus: 16.78 Pi
2026-07-06 00:54:47,376 - INFO - Utilisateurs: 346
2026-07-06 00:54:47,377 - INFO - Cycles: 60
2026-07-06 00:54:47,377 - INFO - --------------------------------------------------
2026-07-06 00:54:47,377 - INFO - 
2026-07-06 00:54:54,735 - INFO - 
2026-07-06 00:54:54,740 - INFO - --------------------------------------------------
2026-07-06 00:54:54,740 - INFO - STATUT - 0h39m
2026-07-06 00:54:54,741 - INFO - --------------------------------------------------
2026-07-06 00:54:54,741 - INFO - Agents: 6445/6500
2026-07-06 00:54:54,741 - INFO - Revenus: 10.61 Pi
2026-07-06 00:54:54,741 - INFO - Users: 186
2026-07-06 00:54:54,742 - INFO - Cycles: 40
2026-07-06 00:54:54,742 - INFO - --------------------------------------------------
2026-07-06 00:54:54,742 - INFO - 
2026-07-06 00:55:24,559 - INFO - STATUT - Agents: 645000, Cycles: 170
2026-07-06 00:56:09,225 - INFO - STATUT - Agents: 645000, Cycles: 150
2026-07-06 00:57:04,576 - INFO - STATUT - Agents: 645000, Cycles: 180
2026-07-06 00:57:49,236 - INFO - STATUT - Agents: 645000, Cycles: 160
2026-07-06 00:58:44,587 - INFO - STATUT - Agents: 645000, Cycles: 190
2026-07-06 00:59:29,249 - INFO - STATUT - Agents: 645000, Cycles: 170
2026-07-06 01:00:24,600 - INFO - STATUT - Agents: 645000, Cycles: 200
2026-07-06 01:01:09,259 - INFO - STATUT - Agents: 645000, Cycles: 180
2026-07-06 01:02:04,612 - INFO - STATUT - Agents: 645000, Cycles: 210
2026-07-06 01:02:49,268 - INFO - STATUT - Agents: 645000, Cycles: 190
2026-07-06 01:03:44,620 - INFO - STATUT - Agents: 645000, Cycles: 220
2026-07-06 01:04:13,613 - INFO - 
2026-07-06 01:04:13,617 - INFO - --------------------------------------------------
2026-07-06 01:04:13,622 - INFO - STATUT - 0h49m
2026-07-06 01:04:13,623 - INFO - --------------------------------------------------
2026-07-06 01:04:13,623 - INFO - Agents: 6447/6500
2026-07-06 01:04:13,623 - INFO - Revenus: 12.23 Pi
2026-07-06 01:04:13,623 - INFO - Users: 284
2026-07-06 01:04:13,624 - INFO - Cycles: 50
2026-07-06 01:04:13,624 - INFO - --------------------------------------------------
2026-07-06 01:04:13,624 - INFO - 
2026-07-06 01:04:29,276 - INFO - STATUT - Agents: 645000, Cycles: 200
2026-07-06 01:04:47,385 - INFO - 
2026-07-06 01:04:47,389 - INFO - --------------------------------------------------
2026-07-06 01:04:47,390 - INFO - STATUT - 1h09m
2026-07-06 01:04:47,390 - INFO - --------------------------------------------------
2026-07-06 01:04:47,390 - INFO - Agents: 6430/6500
2026-07-06 01:04:47,390 - INFO - Revenus: 19.39 Pi
2026-07-06 01:04:47,390 - INFO - Utilisateurs: 390
2026-07-06 01:04:47,391 - INFO - Cycles: 70
2026-07-06 01:04:47,391 - INFO - --------------------------------------------------
2026-07-06 01:04:47,391 - INFO - 
2026-07-06 01:04:54,752 - INFO - 
2026-07-06 01:04:54,755 - INFO - --------------------------------------------------
2026-07-06 01:04:54,756 - INFO - STATUT - 0h49m
2026-07-06 01:04:54,756 - INFO - --------------------------------------------------
2026-07-06 01:04:54,756 - INFO - Agents: 6450/6500
2026-07-06 01:04:54,756 - INFO - Revenus: 13.60 Pi
2026-07-06 01:04:54,756 - INFO - Users: 256
2026-07-06 01:04:54,756 - INFO - Cycles: 50
2026-07-06 01:04:54,756 - INFO - --------------------------------------------------
2026-07-06 01:04:54,757 - INFO - 
2026-07-06 01:05:24,625 - INFO - STATUT - Agents: 645000, Cycles: 230
2026-07-06 01:06:09,282 - INFO - STATUT - Agents: 645000, Cycles: 210
2026-07-06 01:07:04,632 - INFO - STATUT - Agents: 645000, Cycles: 240
2026-07-06 01:07:49,295 - INFO - STATUT - Agents: 645000, Cycles: 220
2026-07-06 01:08:44,636 - INFO - STATUT - Agents: 645000, Cycles: 250
2026-07-06 01:09:29,303 - INFO - STATUT - Agents: 645000, Cycles: 230
2026-07-06 01:10:24,649 - INFO - STATUT - Agents: 645000, Cycles: 260
2026-07-06 01:11:09,307 - INFO - STATUT - Agents: 645000, Cycles: 240
2026-07-06 01:12:04,657 - INFO - STATUT - Agents: 645000, Cycles: 270
2026-07-06 01:12:49,318 - INFO - STATUT - Agents: 645000, Cycles: 250
2026-07-06 01:13:44,664 - INFO - STATUT - Agents: 645000, Cycles: 280
2026-07-06 01:14:13,635 - INFO - 
2026-07-06 01:14:13,638 - INFO - --------------------------------------------------
2026-07-06 01:14:13,643 - INFO - STATUT - 0h59m
2026-07-06 01:14:13,644 - INFO - --------------------------------------------------
2026-07-06 01:14:13,644 - INFO - Agents: 6453/6500
2026-07-06 01:14:13,644 - INFO - Revenus: 15.37 Pi
2026-07-06 01:14:13,644 - INFO - Users: 334
2026-07-06 01:14:13,644 - INFO - Cycles: 60
2026-07-06 01:14:13,644 - INFO - --------------------------------------------------
2026-07-06 01:14:13,644 - INFO - 
2026-07-06 01:14:29,322 - INFO - STATUT - Agents: 645000, Cycles: 260
2026-07-06 01:14:47,404 - INFO - 
2026-07-06 01:14:47,414 - INFO - --------------------------------------------------
2026-07-06 01:14:47,414 - INFO - STATUT - 1h19m
2026-07-06 01:14:47,414 - INFO - --------------------------------------------------
2026-07-06 01:14:47,414 - INFO - Agents: 6414/6500
2026-07-06 01:14:47,415 - INFO - Revenus: 21.99 Pi
2026-07-06 01:14:47,415 - INFO - Utilisateurs: 431
2026-07-06 01:14:47,415 - INFO - Cycles: 80
2026-07-06 01:14:47,415 - INFO - --------------------------------------------------
2026-07-06 01:14:47,416 - INFO - 
2026-07-06 01:14:54,768 - INFO - 
2026-07-06 01:14:54,774 - INFO - --------------------------------------------------
2026-07-06 01:14:54,774 - INFO - STATUT - 0h59m
2026-07-06 01:14:54,775 - INFO - --------------------------------------------------
2026-07-06 01:14:54,775 - INFO - Agents: 6448/6500
2026-07-06 01:14:54,775 - INFO - Revenus: 15.87 Pi
2026-07-06 01:14:54,775 - INFO - Users: 313
2026-07-06 01:14:54,775 - INFO - Cycles: 60
2026-07-06 01:14:54,775 - INFO - --------------------------------------------------
2026-07-06 01:14:54,775 - INFO - 
